#
# A fatal error has been detected by the Java Runtime Environment:
#
#  EXCEPTION_ACCESS_VIOLATION (0xc0000005) at pc=0x0d0125e0, pid=11800, tid=9028
#
# JRE version: 6.0_17-b04
# Java VM: Java HotSpot(TM) Client VM (14.3-b01 mixed mode windows-x86 )
# Problematic frame:
# C  0x0d0125e0
#
# If you would like to submit a bug report, please visit:
#   http://java.sun.com/webapps/bugreport/crash.jsp
# The crash happened outside the Java Virtual Machine in native code.
# See problematic frame for where to report the bug.
#

---------------  T H R E A D  ---------------

Current thread (0x1f0a0400):  JavaThread "AWT-EventQueue-0" [_thread_in_native, id=9028, stack(0x1f570000,0x1f5f0000)]

siginfo: ExceptionCode=0xc0000005, reading address 0x00000004

Registers:
EAX=0x0000000d, EBX=0x1f0bf0a8, ECX=0x00000000, EDX=0x77cc70f4
ESP=0x1f5ee8a4, EBP=0x77b56640, ESI=0x5701122c, EDI=0x202c8368
EIP=0x0d0125e0, EFLAGS=0x00210297

Top of Stack: (sp=0x1f5ee8a4)
0x1f5ee8a4:   0cfd663a 5701122c 1f5eee20 1f0a0510
0x1f5ee8b4:   1f5eedc0 202c8368 0cfbc46e 1f0a0510
0x1f5ee8c4:   202c8368 2030ca50 0cfbc491 00000001
0x1f5ee8d4:   1f0a0400 1f0a0510 0cfd3cbc 1f0a0510
0x1f5ee8e4:   1f5eee20 1f0a0400 00000000 00000000
0x1f5ee8f4:   1f5ee900 1f5ee908 0dd8992e 1248d1a8
0x1f5ee904:   2030ca50 121d0840 14010298 1248d068
0x1f5ee914:   00000000 14730c68 1efc8d10 1efc8d3c 

Instructions: (pc=0x0d0125e0)
0x0d0125d0:   8b 41 04 8b 80 0c 0c 00 00 c3 cc cc cc cc cc cc
0x0d0125e0:   8b 49 04 85 c9 74 05 e9 94 85 fe ff 33 c0 c2 04 


Stack: [0x1f570000,0x1f5f0000],  sp=0x1f5ee8a4,  free space=506k
Native frames: (J=compiled Java code, j=interpreted, Vv=VM code, C=native code)
C  0x0d0125e0

Java frames: (J=compiled Java code, j=interpreted, Vv=VM code)
J  sun.java2d.windows.GDIBlitLoops.nativeBlit(Lsun/java2d/SurfaceData;Lsun/java2d/SurfaceData;Lsun/java2d/pipe/Region;IIIIIIIIIZ)V
J  sun.java2d.windows.GDIBlitLoops.Blit(Lsun/java2d/SurfaceData;Lsun/java2d/SurfaceData;Ljava/awt/Composite;Lsun/java2d/pipe/Region;IIIIII)V
J  sun.java2d.pipe.DrawImage.blitSurfaceData(Lsun/java2d/SunGraphics2D;Lsun/java2d/pipe/Region;Lsun/java2d/SurfaceData;Lsun/java2d/SurfaceData;Lsun/java2d/loops/SurfaceType;Lsun/java2d/loops/SurfaceType;IIIIIILjava/awt/Color;)V
J  sun.java2d.pipe.DrawImage.renderImageCopy(Lsun/java2d/SunGraphics2D;Ljava/awt/Image;Ljava/awt/Color;IIIIII)Z
J  sun.java2d.pipe.DrawImage.copyImage(Lsun/java2d/SunGraphics2D;Ljava/awt/Image;IIIIIILjava/awt/Color;)Z
J  sun.java2d.pipe.DrawImage.copyImage(Lsun/java2d/SunGraphics2D;Ljava/awt/Image;IIIIIILjava/awt/Color;Ljava/awt/image/ImageObserver;)Z
J  sun.java2d.pipe.ValidatePipe.copyImage(Lsun/java2d/SunGraphics2D;Ljava/awt/Image;IIIIIILjava/awt/Color;Ljava/awt/image/ImageObserver;)Z
J  sun.java2d.SunGraphics2D.copyImage(Ljava/awt/Image;IIIIIILjava/awt/Color;Ljava/awt/image/ImageObserver;)Z
J  sun.java2d.SunGraphics2D.drawImage(Ljava/awt/Image;IIIIIIIILjava/awt/Color;Ljava/awt/image/ImageObserver;)Z
J  sun.java2d.SunGraphics2D.drawImage(Ljava/awt/Image;IIIIIIIILjava/awt/image/ImageObserver;)Z
J  java.awt.Component$BltBufferStrategy.showSubRegion(IIII)V
J  javax.swing.BufferStrategyPaintManager.flushAccumulatedRegion()Z
J  javax.swing.BufferStrategyPaintManager.endPaint()V
J  javax.swing.RepaintManager.endPaint()V
J  javax.swing.JComponent.paint(Ljava/awt/Graphics;)V
J  java.awt.GraphicsCallback$PaintCallback.run(Ljava/awt/Component;Ljava/awt/Graphics;)V
J  sun.awt.SunGraphicsCallback.runOneComponent(Ljava/awt/Component;Ljava/awt/Rectangle;Ljava/awt/Graphics;Ljava/awt/Shape;I)V
J  sun.awt.SunGraphicsCallback.runComponents([Ljava/awt/Component;Ljava/awt/Graphics;I)V
J  java.awt.Container.paint(Ljava/awt/Graphics;)V
J  javax.swing.RepaintManager.paintDirtyRegions(Ljava/util/Map;)V
J  javax.swing.RepaintManager.paintDirtyRegions()V
J  javax.swing.RepaintManager.seqPaintDirtyRegions()V
J  javax.swing.SystemEventQueueUtilities$ComponentWorkRequest.run()V
J  java.awt.event.InvocationEvent.dispatch()V
J  java.awt.EventQueue.dispatchEvent(Ljava/awt/AWTEvent;)V
J  java.awt.EventDispatchThread.pumpOneEventForFilters(I)Z
J  java.awt.EventDispatchThread.pumpEventsForFilter(ILjava/awt/Conditional;Ljava/awt/EventFilter;)V
j  java.awt.EventDispatchThread.pumpEventsForHierarchy(ILjava/awt/Conditional;Ljava/awt/Component;)V+11
j  java.awt.EventDispatchThread.pumpEvents(ILjava/awt/Conditional;)V+4
j  java.awt.EventDispatchThread.pumpEvents(Ljava/awt/Conditional;)V+3
j  java.awt.EventDispatchThread.run()V+9
v  ~StubRoutines::call_stub

---------------  P R O C E S S  ---------------

Java Threads: ( => current thread )
  0x1fe54400 JavaThread "Code Analyzer updating thread" [_thread_blocked, id=15648, stack(0x09cd0000,0x09d50000)]
  0x1fe53800 JavaThread "Prefs Updater" daemon [_thread_blocked, id=12164, stack(0x09b90000,0x09c10000)]
  0x1fe4e800 JavaThread "Foxtrot Multi Worker Thread Runner #1" daemon [_thread_blocked, id=10160, stack(0x274e0000,0x27560000)]
  0x1fe4e400 JavaThread "pool-3-thread-1" [_thread_blocked, id=14972, stack(0x0d290000,0x0d310000)]
  0x1fe52400 JavaThread "RequestQueue for GenericFileList" [_thread_blocked, id=7356, stack(0x0d390000,0x0d410000)]
  0x1fe51400 JavaThread "Code Analyzer updating thread" [_thread_blocked, id=12080, stack(0x22de0000,0x22e60000)]
  0x1fe50c00 JavaThread "Code Analyzer updating thread" [_thread_blocked, id=7848, stack(0x22d20000,0x22da0000)]
  0x1fe50800 JavaThread "Active Reference Queue Daemon" daemon [_thread_blocked, id=16072, stack(0x0ff70000,0x0fff0000)]
  0x1fe50000 JavaThread "Timer-6" daemon [_thread_blocked, id=700, stack(0x22360000,0x223e0000)]
  0x1fe4fc00 JavaThread "Timer-5" daemon [_thread_blocked, id=8636, stack(0x221a0000,0x22220000)]
  0x1fe4dc00 JavaThread "Timer-1" [_thread_blocked, id=15344, stack(0x22100000,0x22180000)]
  0x1fe4d800 JavaThread "FelixPackageAdmin" daemon [_thread_blocked, id=7192, stack(0x1f4e0000,0x1f560000)]
  0x1fe4d000 JavaThread "FelixStartLevel" daemon [_thread_blocked, id=11984, stack(0x21db0000,0x21e30000)]
  0x1f175000 JavaThread "FelixDispatchQueue" daemon [_thread_blocked, id=6868, stack(0x21fa0000,0x22020000)]
  0x1f043400 JavaThread "TimerQueue" daemon [_thread_blocked, id=5060, stack(0x1e150000,0x1e1d0000)]
=>0x1f0a0400 JavaThread "AWT-EventQueue-0" [_thread_in_native, id=9028, stack(0x1f570000,0x1f5f0000)]
  0x1f05d800 JavaThread "com.google.common.base.internal.Finalizer" daemon [_thread_blocked, id=10656, stack(0x1f440000,0x1f4c0000)]
  0x1ef3e400 JavaThread "AWT-Windows" daemon [_thread_in_native, id=14096, stack(0x1f2f0000,0x1f370000)]
  0x1ef3dc00 JavaThread "AWT-Shutdown" [_thread_blocked, id=12612, stack(0x1f230000,0x1f2b0000)]
  0x1ef3d800 JavaThread "Java2D Disposer" daemon [_thread_blocked, id=12832, stack(0x1e080000,0x1e100000)]
  0x0ff6fc00 JavaThread "Timer-0" [_thread_blocked, id=6780, stack(0x0a320000,0x0a3a0000)]
  0x1eba4400 JavaThread "JMI Unnamed Thread" [_thread_in_native, id=13956, stack(0x079f0000,0x081f0000)]
  0x082d2000 JavaThread "Low Memory Detector" daemon [_thread_blocked, id=12672, stack(0x0c6d0000,0x0c750000)]
  0x082cdc00 JavaThread "CompilerThread0" daemon [_thread_blocked, id=980, stack(0x0f170000,0x0f970000)]
  0x082cb400 JavaThread "Attach Listener" daemon [_thread_blocked, id=15580, stack(0x0bd70000,0x0bdf0000)]
  0x0828ec00 JavaThread "Finalizer" daemon [_thread_blocked, id=8600, stack(0x0ac20000,0x0aca0000)]
  0x0828d800 JavaThread "Reference Handler" daemon [_thread_blocked, id=11804, stack(0x08e40000,0x08ec0000)]
  0x08210000 JavaThread "main" [_thread_in_native, id=13872, stack(0x00090000,0x00890000)]

Other Threads:
  0x0828ac00 VMThread [stack: 0x0e910000,0x0f110000] [id=2724]
  0x082dc800 WatcherThread [stack: 0x1e1d0000,0x1e9d0000] [id=10040]

VM state:not at safepoint (normal execution)

VM Mutex/Monitor currently owned by a thread: None

Heap
 def new generation   total 25920K, used 5604K [0x12010000, 0x13c20000, 0x14010000)
  eden space 23104K,  20% used [0x12010000, 0x124a5818, 0x136a0000)
  from space 2816K,  32% used [0x13960000, 0x13a43a08, 0x13c20000)
  to   space 2816K,   0% used [0x136a0000, 0x136a0000, 0x13960000)
 tenured generation   total 85912K, used 66878K [0x14010000, 0x193f6000, 0x1a010000)
   the space 85912K,  77% used [0x14010000, 0x1815f830, 0x1815fa00, 0x193f6000)
 compacting perm gen  total 38656K, used 38469K [0x1a010000, 0x1c5d0000, 0x1e010000)
   the space 38656K,  99% used [0x1a010000, 0x1c5a1618, 0x1c5a1800, 0x1c5d0000)
No shared spaces configured.

Dynamic libraries:
0x01040000 - 0x01066000 	C:\Program Files\MATLAB\R2011b\bin\win32\MATLAB.exe
0x77c80000 - 0x77dbc000 	C:\Windows\SYSTEM32\ntdll.dll
0x77ba0000 - 0x77c74000 	C:\Windows\system32\kernel32.dll
0x75d10000 - 0x75d5b000 	C:\Windows\system32\KERNELBASE.dll
0x7ef10000 - 0x7efc8000 	C:\Program Files\MATLAB\R2011b\bin\win32\libut.dll
0x7dce0000 - 0x7dd4a000 	C:\Program Files\MATLAB\R2011b\bin\win32\libmwi18n.dll
0x10000000 - 0x10009000 	C:\Program Files\MATLAB\R2011b\bin\win32\libmwresource_core.dll
0x73ab0000 - 0x73b3e000 	C:\Windows\WinSxS\x86_microsoft.vc90.crt_1fc8b3b9a1e18e3b_9.0.30729.6161_none_50934f2ebcb7eb57\MSVCP90.dll
0x73a00000 - 0x73aa3000 	C:\Windows\WinSxS\x86_microsoft.vc90.crt_1fc8b3b9a1e18e3b_9.0.30729.6161_none_50934f2ebcb7eb57\MSVCR90.dll
0x736b0000 - 0x736d3000 	C:\Program Files\MATLAB\R2011b\bin\win32\boost_filesystem-vc90-mt-1_44.dll
0x73f70000 - 0x73f77000 	C:\Program Files\MATLAB\R2011b\bin\win32\boost_system-vc90-mt-1_44.dll
0x77140000 - 0x771e0000 	C:\Windows\system32\ADVAPI32.dll
0x773e0000 - 0x7748c000 	C:\Windows\system32\msvcrt.dll
0x76080000 - 0x76099000 	C:\Windows\SYSTEM32\sechost.dll
0x76eb0000 - 0x76f52000 	C:\Windows\system32\RPCRT4.dll
0x73550000 - 0x7356f000 	C:\Program Files\MATLAB\R2011b\bin\win32\LIBEXPAT.dll
0x72eb0000 - 0x73035000 	C:\Program Files\MATLAB\R2011b\bin\win32\icuin44.dll
0x7ea10000 - 0x7eb2f000 	C:\Program Files\MATLAB\R2011b\bin\win32\icuuc44.dll
0x01070000 - 0x01eb1000 	C:\Program Files\MATLAB\R2011b\bin\win32\icudt44.dll
0x00a40000 - 0x00b19000 	C:\Program Files\MATLAB\R2011b\bin\win32\libmwfl.dll
0x73cd0000 - 0x73e78000 	C:\Program Files\MATLAB\R2011b\bin\win32\libmwMATLAB_res.dll
0x00b40000 - 0x00b4e000 	C:\Program Files\MATLAB\R2011b\bin\win32\boost_date_time-vc90-mt-1_44.dll
0x73c80000 - 0x73c8f000 	C:\Program Files\MATLAB\R2011b\bin\win32\boost_signals-vc90-mt-1_44.dll
0x00b70000 - 0x00b7e000 	C:\Program Files\MATLAB\R2011b\bin\win32\boost_thread-vc90-mt-1_44.dll
0x77dd0000 - 0x77dfb000 	C:\Windows\system32\imagehlp.dll
0x77dc0000 - 0x77dc5000 	C:\Windows\system32\PSAPI.DLL
0x00b90000 - 0x00b9f000 	C:\Program Files\MATLAB\R2011b\bin\win32\icuio44.dll
0x00bb0000 - 0x00c9b000 	C:\Windows\system32\dbghelp.dll
0x77310000 - 0x773d9000 	C:\Windows\system32\USER32.dll
0x77b50000 - 0x77b9e000 	C:\Windows\system32\GDI32.dll
0x77e60000 - 0x77e6a000 	C:\Windows\system32\LPK.dll
0x771e0000 - 0x7727d000 	C:\Windows\system32\USP10.dll
0x754e0000 - 0x756bb000 	C:\Program Files\MATLAB\R2011b\bin\win32\libmwservices.dll
0x7db50000 - 0x7dbd2000 	C:\Program Files\MATLAB\R2011b\bin\win32\libmx.dll
0x73730000 - 0x73744000 	C:\Program Files\MATLAB\R2011b\bin\win32\zlib1.dll
0x7e800000 - 0x7e8f6000 	C:\Program Files\MATLAB\R2011b\bin\win32\libmwmathutil.dll
0x7df40000 - 0x7df76000 	C:\Program Files\MATLAB\R2011b\bin\win32\mpath.dll
0x72990000 - 0x72ccd000 	C:\Program Files\MATLAB\R2011b\bin\win32\mlutil.dll
0x00d00000 - 0x00d5c000 	C:\Program Files\MATLAB\R2011b\bin\win32\xmlcore.dll
0x71cf0000 - 0x71ea2000 	C:\Program Files\MATLAB\R2011b\bin\win32\xerces-c_2_7.dll
0x77e70000 - 0x77ea5000 	C:\Windows\system32\WS2_32.dll
0x76f70000 - 0x76f76000 	C:\Windows\system32\NSI.dll
0x00d80000 - 0x00d91000 	C:\Program Files\MATLAB\R2011b\bin\win32\libmwsettings_res.dll
0x00db0000 - 0x00de9000 	C:\Program Files\MATLAB\R2011b\bin\win32\boost_serialization-vc90-mt-1_44.dll
0x00e00000 - 0x00e33000 	C:\Program Files\MATLAB\R2011b\bin\win32\tbb.dll
0x760c0000 - 0x76d0a000 	C:\Windows\system32\SHELL32.dll
0x77e00000 - 0x77e57000 	C:\Windows\system32\SHLWAPI.dll
0x711e0000 - 0x71264000 	C:\Windows\WinSxS\x86_microsoft.windows.common-controls_6595b64144ccf1df_5.82.7601.18201_none_ec80f00e8593ece5\COMCTL32.dll
0x76000000 - 0x7607b000 	C:\Windows\system32\COMDLG32.dll
0x741e0000 - 0x741f1000 	C:\Windows\system32\NETAPI32.dll
0x741d0000 - 0x741d9000 	C:\Windows\system32\netutils.dll
0x75970000 - 0x75989000 	C:\Windows\system32\srvcli.dll
0x741c0000 - 0x741cf000 	C:\Windows\system32\wkscli.dll
0x77690000 - 0x777ec000 	C:\Windows\system32\ole32.dll
0x77280000 - 0x7730f000 	C:\Windows\system32\OLEAUT32.dll
0x7f270000 - 0x7f300000 	C:\Program Files\MATLAB\R2011b\bin\win32\mcr.dll
0x7d4b0000 - 0x7d725000 	C:\Program Files\MATLAB\R2011b\bin\win32\iqm.dll
0x01ec0000 - 0x02391000 	C:\Program Files\MATLAB\R2011b\bin\win32\m_interpreter.dll
0x73bb0000 - 0x73bc1000 	C:\Program Files\MATLAB\R2011b\bin\win32\libmex.dll
0x00e90000 - 0x00f08000 	C:\Program Files\MATLAB\R2011b\bin\win32\m_dispatcher.dll
0x7f130000 - 0x7f1ec000 	C:\Program Files\MATLAB\R2011b\bin\win32\boost_regex-vc90-mt-1_44.dll
0x00f30000 - 0x00f8c000 	C:\Program Files\MATLAB\R2011b\bin\win32\profiler.dll
0x734f0000 - 0x73517000 	C:\Program Files\MATLAB\R2011b\bin\win32\libmwmathrng.dll
0x7c390000 - 0x7c426000 	C:\Program Files\MATLAB\R2011b\bin\win32\libmwmathcore.dll
0x7e000000 - 0x7e04b000 	C:\Program Files\MATLAB\R2011b\bin\win32\libmwspmatrix.dll
0x7dbf0000 - 0x7dc3b000 	C:\Program Files\MATLAB\R2011b\bin\win32\libmwcholmod.dll
0x00fe0000 - 0x00feb000 	C:\Program Files\MATLAB\R2011b\bin\win32\libmwamd.dll
0x73e80000 - 0x73e8a000 	C:\Program Files\MATLAB\R2011b\bin\win32\libmwcolamd.dll
0x01010000 - 0x01021000 	C:\Program Files\MATLAB\R2011b\bin\win32\libmwblas.dll
0x023a0000 - 0x023ae000 	C:\Program Files\MATLAB\R2011b\bin\win32\libmwbinder.dll
0x023c0000 - 0x023c9000 	C:\Program Files\MATLAB\R2011b\bin\win32\libmwompwrapper.dll
0x023e0000 - 0x02418000 	C:\Program Files\MATLAB\R2011b\bin\win32\libmwlapack.dll
0x02430000 - 0x02445000 	C:\Program Files\MATLAB\R2011b\bin\win32\m_pcodeio.dll
0x7e080000 - 0x7e0ca000 	C:\Program Files\MATLAB\R2011b\bin\win32\m_ir.dll
0x02470000 - 0x0299c000 	C:\Program Files\MATLAB\R2011b\bin\win32\m_parser.dll
0x029b0000 - 0x029c2000 	C:\Program Files\MATLAB\R2011b\bin\win32\ir_xfmr.dll
0x029e0000 - 0x02b7f000 	C:\Program Files\MATLAB\R2011b\bin\win32\mcos.dll
0x02b90000 - 0x02b9a000 	C:\Program Files\MATLAB\R2011b\bin\win32\mtok.dll
0x02bb0000 - 0x02bd4000 	C:\Program Files\MATLAB\R2011b\bin\win32\m_pcodegen.dll
0x7e1c0000 - 0x7e1e7000 	C:\Program Files\MATLAB\R2011b\bin\win32\libmwbridge.dll
0x02c00000 - 0x02c91000 	C:\Program Files\MATLAB\R2011b\bin\win32\udd.dll
0x02cb0000 - 0x02db6000 	C:\Program Files\MATLAB\R2011b\bin\win32\libmwgui.dll
0x02dd0000 - 0x02de2000 	C:\Program Files\MATLAB\R2011b\bin\win32\graphics_util.dll
0x02e00000 - 0x0344a000 	C:\Program Files\MATLAB\R2011b\bin\win32\hg.dll
0x03460000 - 0x0349d000 	C:\Program Files\MATLAB\R2011b\bin\win32\libmat.dll
0x034b0000 - 0x03695000 	C:\Program Files\MATLAB\R2011b\bin\win32\hdf5dll.dll
0x7d9d0000 - 0x7da34000 	C:\Program Files\MATLAB\R2011b\bin\win32\jmi.dll
0x036c0000 - 0x036cb000 	C:\Program Files\MATLAB\R2011b\bin\win32\nativejava_services.dll
0x036e0000 - 0x03711000 	C:\Program Files\MATLAB\R2011b\bin\win32\libmwhardcopy.dll
0x03730000 - 0x03774000 	C:\Program Files\MATLAB\R2011b\bin\win32\libuij.dll
0x03790000 - 0x038e3000 	C:\Program Files\MATLAB\R2011b\bin\win32\hgdatatypes.dll
0x03900000 - 0x039a2000 	C:\Program Files\MATLAB\R2011b\bin\win32\hgutils.dll
0x039c0000 - 0x03a46000 	C:\Program Files\MATLAB\R2011b\bin\win32\udd_mi.dll
0x74dc0000 - 0x75056000 	C:\Program Files\MATLAB\R2011b\bin\win32\uiw.dll
0x03a70000 - 0x03a7d000 	C:\Program Files\MATLAB\R2011b\bin\win32\uinone.dll
0x03a90000 - 0x03aa2000 	C:\Windows\system32\MPR.dll
0x03ab0000 - 0x03e4d000 	C:\Windows\WinSxS\x86_microsoft.vc90.mfc_1fc8b3b9a1e18e3b_9.0.30729.6161_none_4bf7e3e2bf9ada4c\mfc90.dll
0x71a60000 - 0x71a65000 	C:\Windows\system32\MSIMG32.dll
0x751d0000 - 0x75221000 	C:\Windows\system32\WINSPOOL.DRV
0x03e50000 - 0x03e68000 	C:\Program Files\MATLAB\R2011b\bin\win32\mwoles05.DLL
0x03e80000 - 0x03ecf000 	C:\Program Files\MATLAB\R2011b\bin\win32\comcli.dll
0x73b40000 - 0x73b6b000 	C:\Windows\WinSxS\x86_microsoft.vc90.atl_1fc8b3b9a1e18e3b_9.0.30729.6161_none_51cd0a7abbe4e19b\ATL90.DLL
0x03ee0000 - 0x03ee9000 	C:\Program Files\MATLAB\R2011b\bin\win32\mlautoregister.dll
0x03f00000 - 0x03f0d000 	C:\Program Files\MATLAB\R2011b\bin\win32\boost_iostreams-vc90-mt-1_44.dll
0x760a0000 - 0x760bf000 	C:\Windows\system32\IMM32.DLL
0x775c0000 - 0x7768c000 	C:\Windows\system32\MSCTF.dll
0x75c30000 - 0x75c76000 	C:\PROGRA~1\Sophos\SOPHOS~1\SOPHOS~1.DLL
0x748a0000 - 0x748e0000 	C:\Windows\system32\UxTheme.dll
0x74440000 - 0x74453000 	C:\Windows\system32\dwmapi.dll
0x03f70000 - 0x03f7d000 	C:\Windows\WinSxS\x86_microsoft.vc90.mfcloc_1fc8b3b9a1e18e3b_9.0.30729.6161_none_49768ef57548175e\MFC90ENU.DLL
0x04150000 - 0x0416d000 	C:\Program Files\MATLAB\R2011b\bin\win32\tbbmalloc.dll
0x75ce0000 - 0x75ceb000 	C:\Windows\system32\profapi.dll
0x042c0000 - 0x042cd000 	C:\Program Files\MATLAB\R2011b\bin\win32\xmlxrcsc.dll
0x75bb0000 - 0x75bbc000 	C:\Windows\system32\CRYPTBASE.dll
0x74ad0000 - 0x74c6e000 	C:\Windows\WinSxS\x86_microsoft.windows.common-controls_6595b64144ccf1df_6.0.7601.17514_none_41e6975e2bd6f2b2\comctl32.dll
0x76d10000 - 0x76ead000 	C:\Windows\system32\SETUPAPI.dll
0x75dc0000 - 0x75de7000 	C:\Windows\system32\CFGMGR32.dll
0x75f10000 - 0x75f22000 	C:\Windows\system32\DEVOBJ.dll
0x777f0000 - 0x77873000 	C:\Windows\system32\CLBCatQ.DLL
0x74960000 - 0x74a55000 	C:\Windows\system32\propsys.dll
0x75140000 - 0x75161000 	C:\Windows\system32\ntmarta.dll
0x77880000 - 0x778c5000 	C:\Windows\system32\WLDAP32.dll
0x04310000 - 0x04313000 	C:\Windows\system32\icmp.Dll
0x05610000 - 0x0562c000 	C:\Windows\system32\iphlpapi.DLL
0x750f0000 - 0x750f7000 	C:\Windows\system32\WINNSI.DLL
0x75b40000 - 0x75b5b000 	C:\Windows\system32\SspiCli.dll
0x05550000 - 0x05560000 	C:\Windows\system32\NLAapi.dll
0x055f0000 - 0x05600000 	C:\Windows\system32\napinsp.dll

VM Arguments:
jvm_args: -Xss512k -XX:PermSize=32m -Xms64m -XX:NewRatio=3 -XX:MaxPermSize=64m -Xmx128m -XX:MaxDirectMemorySize=1200000000 -Dsun.java2d.noddraw=true -Dsun.awt.nopixfmt=true -Xshare:off -Xrs -Dsun.awt.disableMixing=true -Djava.library.path=C:\Program Files\MATLAB\R2011b\bin\win32 vfprintf abort 
java_command: <unknown>
Launcher Type: generic

Environment Variables:
PATH=C:\Program Files\NVIDIA Corporation\PhysX\Common;C:\Windows\system32;C:\Windows;C:\Windows\System32\Wbem;C:\Windows\System32\WindowsPowerShell\v1.0\;C:\Program Files\IVI Foundation\IVI\bin;C:\Program Files\IVI Foundation\VISA\WinNT\Bin\;c:\Program Files\Microsoft SQL Server\90\Tools\binn\;C:\Program Files\MATLAB\R2011b\bin;C:\Program Files\MiKTeX 2.9\miktex\bin\;C:\Program Files\MATLAB\MATLAB Compiler Runtime\v716\runtime\win32;C:\Program Files\IVI Foundation\VISA\WinNT\Bin;C:\Program Files\Microsoft SQL Server\110\Tools\Binn\;C:\Program Files\Agilent\Agilent 81150A\IntuiLink
USERNAME=BEC Machine
OS=Windows_NT
PROCESSOR_IDENTIFIER=x86 Family 6 Model 42 Stepping 7, GenuineIntel



---------------  S Y S T E M  ---------------

OS: Windows 7 Build 7601 Service Pack 1

CPU:total 4 (8 cores per cpu, 2 threads per core) family 6 model 42 stepping 7, cmov, cx8, fxsr, mmx, sse, sse2, sse3, ssse3, sse4.1, sse4.2, ht

Memory: 4k page, physical 3133576k(1236204k free), swap 4194303k(2885496k free)

vm_info: Java HotSpot(TM) Client VM (14.3-b01) for windows-x86 JRE (1.6.0_17-b04), built on Oct 11 2009 00:52:06 by "java_re" with MS VC++ 7.1

time: Thu Sep 25 11:20:03 2014
elapsed time: 501165 seconds

